{"/Users/alex/Desktop/hexlet/backend-project-lvl3/src/index.js": {"path":"/Users/alex/Desktop/hexlet/backend-project-lvl3/src/index.js","statementMap":{"0":{"start":{"line":7,"column":26},"end":{"line":27,"column":1}},"1":{"start":{"line":8,"column":31},"end":{"line":8,"column":69}},"2":{"start":{"line":9,"column":24},"end":{"line":9,"column":46}},"3":{"start":{"line":11,"column":1},"end":{"line":26,"column":4}},"4":{"start":{"line":12,"column":2},"end":{"line":25,"column":6}},"5":{"start":{"line":15,"column":4},"end":{"line":17,"column":7}},"6":{"start":{"line":16,"column":5},"end":{"line":16,"column":44}},"7":{"start":{"line":20,"column":4},"end":{"line":24,"column":7}},"8":{"start":{"line":21,"column":5},"end":{"line":23,"column":8}},"9":{"start":{"line":22,"column":6},"end":{"line":22,"column":45}}},"fnMap":{"0":{"name":"(anonymous_0)","decl":{"start":{"line":7,"column":26},"end":{"line":7,"column":27}},"loc":{"start":{"line":7,"column":62},"end":{"line":27,"column":1}},"line":7},"1":{"name":"(anonymous_1)","decl":{"start":{"line":11,"column":24},"end":{"line":11,"column":25}},"loc":{"start":{"line":11,"column":38},"end":{"line":26,"column":2}},"line":11},"2":{"name":"(anonymous_2)","decl":{"start":{"line":14,"column":9},"end":{"line":14,"column":10}},"loc":{"start":{"line":14,"column":15},"end":{"line":18,"column":4}},"line":14},"3":{"name":"(anonymous_3)","decl":{"start":{"line":15,"column":94},"end":{"line":15,"column":95}},"loc":{"start":{"line":15,"column":100},"end":{"line":17,"column":5}},"line":15},"4":{"name":"(anonymous_4)","decl":{"start":{"line":19,"column":10},"end":{"line":19,"column":11}},"loc":{"start":{"line":19,"column":16},"end":{"line":25,"column":4}},"line":19},"5":{"name":"(anonymous_5)","decl":{"start":{"line":20,"column":48},"end":{"line":20,"column":49}},"loc":{"start":{"line":20,"column":54},"end":{"line":24,"column":5}},"line":20},"6":{"name":"(anonymous_6)","decl":{"start":{"line":21,"column":95},"end":{"line":21,"column":96}},"loc":{"start":{"line":21,"column":101},"end":{"line":23,"column":6}},"line":21}},"branchMap":{"0":{"loc":{"start":{"line":7,"column":32},"end":{"line":7,"column":57}},"type":"default-arg","locations":[{"start":{"line":7,"column":44},"end":{"line":7,"column":57}}],"line":7}},"s":{"0":1,"1":1,"2":1,"3":1,"4":1,"5":1,"6":1,"7":0,"8":0,"9":0},"f":{"0":1,"1":1,"2":1,"3":1,"4":0,"5":0,"6":0},"b":{"0":[0]},"_coverageSchema":"1a1c01bbd47fc00a2c39e90264f33305004495a9","hash":"84aded6d699c17250805a9a335dbe03f4a6ce83b"}
,"/Users/alex/Desktop/hexlet/backend-project-lvl3/src/utils/formattedFilename.js": {"path":"/Users/alex/Desktop/hexlet/backend-project-lvl3/src/utils/formattedFilename.js","statementMap":{"0":{"start":{"line":1,"column":33},"end":{"line":6,"column":1}},"1":{"start":{"line":2,"column":28},"end":{"line":2,"column":41}},"2":{"start":{"line":3,"column":15},"end":{"line":3,"column":48}},"3":{"start":{"line":5,"column":1},"end":{"line":5,"column":96}}},"fnMap":{"0":{"name":"(anonymous_0)","decl":{"start":{"line":1,"column":33},"end":{"line":1,"column":34}},"loc":{"start":{"line":1,"column":43},"end":{"line":6,"column":1}},"line":1}},"branchMap":{"0":{"loc":{"start":{"line":5,"column":19},"end":{"line":5,"column":51}},"type":"cond-expr","locations":[{"start":{"line":5,"column":38},"end":{"line":5,"column":40}},{"start":{"line":5,"column":43},"end":{"line":5,"column":51}}],"line":5}},"s":{"0":1,"1":1,"2":1,"3":1},"f":{"0":1},"b":{"0":[0,1]},"_coverageSchema":"1a1c01bbd47fc00a2c39e90264f33305004495a9","hash":"c735077046ad883fd64efc57b3aa05d156899860"}
}
