{"/Users/alex/Desktop/hexlet/backend-project-lvl3/src/index.js": {"path":"/Users/alex/Desktop/hexlet/backend-project-lvl3/src/index.js","all":false,"statementMap":{"0":{"start":{"line":1,"column":0},"end":{"line":1,"column":35}},"1":{"start":{"line":2,"column":0},"end":{"line":2,"column":26}},"2":{"start":{"line":3,"column":0},"end":{"line":3,"column":29}},"3":{"start":{"line":4,"column":0},"end":{"line":4,"column":29}},"4":{"start":{"line":5,"column":0},"end":{"line":5,"column":35}},"5":{"start":{"line":6,"column":0},"end":{"line":6,"column":26}},"6":{"start":{"line":7,"column":0},"end":{"line":7,"column":26}},"7":{"start":{"line":8,"column":0},"end":{"line":8,"column":0}},"8":{"start":{"line":9,"column":0},"end":{"line":9,"column":76}},"9":{"start":{"line":10,"column":0},"end":{"line":10,"column":0}},"10":{"start":{"line":11,"column":0},"end":{"line":11,"column":33}},"11":{"start":{"line":12,"column":0},"end":{"line":12,"column":0}},"12":{"start":{"line":13,"column":0},"end":{"line":13,"column":21}},"13":{"start":{"line":14,"column":0},"end":{"line":14,"column":14}},"14":{"start":{"line":15,"column":0},"end":{"line":15,"column":18}},"15":{"start":{"line":16,"column":0},"end":{"line":16,"column":15}},"16":{"start":{"line":17,"column":0},"end":{"line":17,"column":2}},"17":{"start":{"line":18,"column":0},"end":{"line":18,"column":0}},"18":{"start":{"line":19,"column":0},"end":{"line":19,"column":49}},"19":{"start":{"line":20,"column":0},"end":{"line":20,"column":21}},"20":{"start":{"line":21,"column":0},"end":{"line":21,"column":36}},"21":{"start":{"line":22,"column":0},"end":{"line":22,"column":0}},"22":{"start":{"line":23,"column":0},"end":{"line":23,"column":30}},"23":{"start":{"line":24,"column":0},"end":{"line":24,"column":47}},"24":{"start":{"line":25,"column":0},"end":{"line":25,"column":38}},"25":{"start":{"line":26,"column":0},"end":{"line":26,"column":65}},"26":{"start":{"line":27,"column":0},"end":{"line":27,"column":62}},"27":{"start":{"line":28,"column":0},"end":{"line":28,"column":42}},"28":{"start":{"line":29,"column":0},"end":{"line":29,"column":66}},"29":{"start":{"line":30,"column":0},"end":{"line":30,"column":0}},"30":{"start":{"line":31,"column":0},"end":{"line":31,"column":42}},"31":{"start":{"line":32,"column":0},"end":{"line":32,"column":82}},"32":{"start":{"line":33,"column":0},"end":{"line":33,"column":43}},"33":{"start":{"line":34,"column":0},"end":{"line":34,"column":44}},"34":{"start":{"line":35,"column":0},"end":{"line":35,"column":64}},"35":{"start":{"line":36,"column":0},"end":{"line":36,"column":69}},"36":{"start":{"line":37,"column":0},"end":{"line":37,"column":0}},"37":{"start":{"line":38,"column":0},"end":{"line":38,"column":14}},"38":{"start":{"line":39,"column":0},"end":{"line":39,"column":66}},"39":{"start":{"line":40,"column":0},"end":{"line":40,"column":24}},"40":{"start":{"line":41,"column":0},"end":{"line":41,"column":45}},"41":{"start":{"line":42,"column":0},"end":{"line":42,"column":0}},"42":{"start":{"line":43,"column":0},"end":{"line":43,"column":13}},"43":{"start":{"line":44,"column":0},"end":{"line":44,"column":38}},"44":{"start":{"line":45,"column":0},"end":{"line":45,"column":18}},"45":{"start":{"line":46,"column":0},"end":{"line":46,"column":57}},"46":{"start":{"line":47,"column":0},"end":{"line":47,"column":7}},"47":{"start":{"line":48,"column":0},"end":{"line":48,"column":20}},"48":{"start":{"line":49,"column":0},"end":{"line":49,"column":58}},"49":{"start":{"line":50,"column":0},"end":{"line":50,"column":31}},"50":{"start":{"line":51,"column":0},"end":{"line":51,"column":48}},"51":{"start":{"line":52,"column":0},"end":{"line":52,"column":8}},"52":{"start":{"line":53,"column":0},"end":{"line":53,"column":5}},"53":{"start":{"line":54,"column":0},"end":{"line":54,"column":18}},"54":{"start":{"line":55,"column":0},"end":{"line":55,"column":70}},"55":{"start":{"line":56,"column":0},"end":{"line":56,"column":40}},"56":{"start":{"line":57,"column":0},"end":{"line":57,"column":55}},"57":{"start":{"line":58,"column":0},"end":{"line":58,"column":41}},"58":{"start":{"line":59,"column":0},"end":{"line":59,"column":6}},"59":{"start":{"line":60,"column":0},"end":{"line":60,"column":3}},"60":{"start":{"line":61,"column":0},"end":{"line":61,"column":0}},"61":{"start":{"line":62,"column":0},"end":{"line":62,"column":14}},"62":{"start":{"line":63,"column":0},"end":{"line":63,"column":17}},"63":{"start":{"line":64,"column":0},"end":{"line":64,"column":0}},"64":{"start":{"line":65,"column":0},"end":{"line":65,"column":13}},"65":{"start":{"line":66,"column":0},"end":{"line":66,"column":15}},"66":{"start":{"line":67,"column":0},"end":{"line":67,"column":23}},"67":{"start":{"line":68,"column":0},"end":{"line":68,"column":19}},"68":{"start":{"line":69,"column":0},"end":{"line":69,"column":0}},"69":{"start":{"line":70,"column":0},"end":{"line":70,"column":12}},"70":{"start":{"line":71,"column":0},"end":{"line":71,"column":29}},"71":{"start":{"line":72,"column":0},"end":{"line":72,"column":61}},"72":{"start":{"line":73,"column":0},"end":{"line":73,"column":43}},"73":{"start":{"line":74,"column":0},"end":{"line":74,"column":18}},"74":{"start":{"line":75,"column":0},"end":{"line":75,"column":59}},"75":{"start":{"line":76,"column":0},"end":{"line":76,"column":39}},"76":{"start":{"line":77,"column":0},"end":{"line":77,"column":7}},"77":{"start":{"line":78,"column":0},"end":{"line":78,"column":4}},"78":{"start":{"line":79,"column":0},"end":{"line":79,"column":15}},"79":{"start":{"line":80,"column":0},"end":{"line":80,"column":48}},"80":{"start":{"line":81,"column":0},"end":{"line":81,"column":54}},"81":{"start":{"line":82,"column":0},"end":{"line":82,"column":0}},"82":{"start":{"line":83,"column":0},"end":{"line":83,"column":35}},"83":{"start":{"line":84,"column":0},"end":{"line":84,"column":6}},"84":{"start":{"line":85,"column":0},"end":{"line":85,"column":4}},"85":{"start":{"line":86,"column":0},"end":{"line":86,"column":15}},"86":{"start":{"line":87,"column":0},"end":{"line":87,"column":40}},"87":{"start":{"line":88,"column":0},"end":{"line":88,"column":29}},"88":{"start":{"line":89,"column":0},"end":{"line":89,"column":0}},"89":{"start":{"line":90,"column":0},"end":{"line":90,"column":65}},"90":{"start":{"line":91,"column":0},"end":{"line":91,"column":48}},"91":{"start":{"line":92,"column":0},"end":{"line":92,"column":8}},"92":{"start":{"line":93,"column":0},"end":{"line":93,"column":36}},"93":{"start":{"line":94,"column":0},"end":{"line":94,"column":55}},"94":{"start":{"line":95,"column":0},"end":{"line":95,"column":23}},"95":{"start":{"line":96,"column":0},"end":{"line":96,"column":42}},"96":{"start":{"line":97,"column":0},"end":{"line":97,"column":51}},"97":{"start":{"line":98,"column":0},"end":{"line":98,"column":42}},"98":{"start":{"line":99,"column":0},"end":{"line":99,"column":7}},"99":{"start":{"line":100,"column":0},"end":{"line":100,"column":24}},"100":{"start":{"line":101,"column":0},"end":{"line":101,"column":74}},"101":{"start":{"line":102,"column":0},"end":{"line":102,"column":88}},"102":{"start":{"line":103,"column":0},"end":{"line":103,"column":8}},"103":{"start":{"line":104,"column":0},"end":{"line":104,"column":6}},"104":{"start":{"line":105,"column":0},"end":{"line":105,"column":65}},"105":{"start":{"line":106,"column":0},"end":{"line":106,"column":22}},"106":{"start":{"line":107,"column":0},"end":{"line":107,"column":4}},"107":{"start":{"line":108,"column":0},"end":{"line":108,"column":15}},"108":{"start":{"line":109,"column":0},"end":{"line":109,"column":33}},"109":{"start":{"line":110,"column":0},"end":{"line":110,"column":59}},"110":{"start":{"line":111,"column":0},"end":{"line":111,"column":4}},"111":{"start":{"line":112,"column":0},"end":{"line":112,"column":2}},"112":{"start":{"line":113,"column":0},"end":{"line":113,"column":0}},"113":{"start":{"line":114,"column":0},"end":{"line":114,"column":26}}},"s":{"0":1,"1":1,"2":1,"3":1,"4":1,"5":1,"6":1,"7":1,"8":1,"9":1,"10":1,"11":1,"12":1,"13":1,"14":1,"15":1,"16":1,"17":1,"18":1,"19":4,"20":4,"21":4,"22":4,"23":4,"24":4,"25":4,"26":4,"27":4,"28":4,"29":4,"30":4,"31":4,"32":4,"33":4,"34":4,"35":4,"36":4,"37":4,"38":4,"39":4,"40":4,"41":4,"42":4,"43":4,"44":4,"45":4,"46":4,"47":4,"48":0,"49":0,"50":0,"51":4,"52":4,"53":4,"54":0,"55":0,"56":0,"57":0,"58":4,"59":4,"60":4,"61":4,"62":4,"63":4,"64":4,"65":4,"66":4,"67":2,"68":2,"69":2,"70":2,"71":2,"72":2,"73":2,"74":1,"75":1,"76":2,"77":4,"78":4,"79":1,"80":1,"81":1,"82":1,"83":1,"84":4,"85":4,"86":1,"87":1,"88":1,"89":1,"90":3,"91":3,"92":3,"93":3,"94":3,"95":6,"96":6,"97":6,"98":3,"99":3,"100":4,"101":4,"102":3,"103":1,"104":1,"105":1,"106":4,"107":4,"108":1,"109":1,"110":4,"111":4,"112":1,"113":1},"branchMap":{"0":{"type":"branch","line":19,"loc":{"start":{"line":19,"column":19},"end":{"line":112,"column":2}},"locations":[{"start":{"line":19,"column":19},"end":{"line":112,"column":2}}]},"1":{"type":"branch","line":31,"loc":{"start":{"line":31,"column":22},"end":{"line":60,"column":2}},"locations":[{"start":{"line":31,"column":22},"end":{"line":60,"column":2}}]},"2":{"type":"branch","line":40,"loc":{"start":{"line":40,"column":9},"end":{"line":53,"column":4}},"locations":[{"start":{"line":40,"column":9},"end":{"line":53,"column":4}}]},"3":{"type":"branch","line":45,"loc":{"start":{"line":45,"column":11},"end":{"line":47,"column":6}},"locations":[{"start":{"line":45,"column":11},"end":{"line":47,"column":6}}]},"4":{"type":"branch","line":67,"loc":{"start":{"line":67,"column":8},"end":{"line":78,"column":3}},"locations":[{"start":{"line":67,"column":8},"end":{"line":78,"column":3}}]},"5":{"type":"branch","line":72,"loc":{"start":{"line":72,"column":10},"end":{"line":72,"column":60}},"locations":[{"start":{"line":72,"column":10},"end":{"line":72,"column":60}}]},"6":{"type":"branch","line":73,"loc":{"start":{"line":73,"column":10},"end":{"line":73,"column":42}},"locations":[{"start":{"line":73,"column":10},"end":{"line":73,"column":42}}]},"7":{"type":"branch","line":74,"loc":{"start":{"line":74,"column":11},"end":{"line":77,"column":5}},"locations":[{"start":{"line":74,"column":11},"end":{"line":77,"column":5}}]},"8":{"type":"branch","line":79,"loc":{"start":{"line":79,"column":8},"end":{"line":85,"column":3}},"locations":[{"start":{"line":79,"column":8},"end":{"line":85,"column":3}}]},"9":{"type":"branch","line":80,"loc":{"start":{"line":80,"column":41},"end":{"line":84,"column":4}},"locations":[{"start":{"line":80,"column":41},"end":{"line":84,"column":4}}]},"10":{"type":"branch","line":86,"loc":{"start":{"line":86,"column":8},"end":{"line":107,"column":3}},"locations":[{"start":{"line":86,"column":8},"end":{"line":107,"column":3}}]},"11":{"type":"branch","line":90,"loc":{"start":{"line":90,"column":39},"end":{"line":104,"column":4}},"locations":[{"start":{"line":90,"column":39},"end":{"line":104,"column":4}}]},"12":{"type":"branch","line":93,"loc":{"start":{"line":93,"column":11},"end":{"line":93,"column":35}},"locations":[{"start":{"line":93,"column":11},"end":{"line":93,"column":35}}]},"13":{"type":"branch","line":94,"loc":{"start":{"line":94,"column":14},"end":{"line":94,"column":54}},"locations":[{"start":{"line":94,"column":14},"end":{"line":94,"column":54}}]},"14":{"type":"branch","line":95,"loc":{"start":{"line":95,"column":14},"end":{"line":99,"column":6}},"locations":[{"start":{"line":95,"column":14},"end":{"line":99,"column":6}}]},"15":{"type":"branch","line":100,"loc":{"start":{"line":100,"column":15},"end":{"line":103,"column":6}},"locations":[{"start":{"line":100,"column":15},"end":{"line":103,"column":6}}]},"16":{"type":"branch","line":102,"loc":{"start":{"line":102,"column":51},"end":{"line":102,"column":85}},"locations":[{"start":{"line":102,"column":51},"end":{"line":102,"column":85}}]},"17":{"type":"branch","line":108,"loc":{"start":{"line":108,"column":8},"end":{"line":111,"column":3}},"locations":[{"start":{"line":108,"column":8},"end":{"line":111,"column":3}}]}},"b":{"0":[4],"1":[4],"2":[4],"3":[4],"4":[2],"5":[1],"6":[1],"7":[1],"8":[1],"9":[1],"10":[1],"11":[3],"12":[6],"13":[6],"14":[6],"15":[4],"16":[4],"17":[1]},"fnMap":{"0":{"name":"pageLoader","decl":{"start":{"line":19,"column":19},"end":{"line":112,"column":2}},"loc":{"start":{"line":19,"column":19},"end":{"line":112,"column":2}},"line":19},"1":{"name":"prepareAsset","decl":{"start":{"line":31,"column":22},"end":{"line":60,"column":2}},"loc":{"start":{"line":31,"column":22},"end":{"line":60,"column":2}},"line":31},"2":{"name":"task","decl":{"start":{"line":102,"column":51},"end":{"line":102,"column":85}},"loc":{"start":{"line":102,"column":51},"end":{"line":102,"column":85}},"line":102}},"f":{"0":4,"1":4,"2":4}}
,"/Users/alex/Desktop/hexlet/backend-project-lvl3/src/utils/index.js": {"path":"/Users/alex/Desktop/hexlet/backend-project-lvl3/src/utils/index.js","all":false,"statementMap":{"0":{"start":{"line":1,"column":0},"end":{"line":1,"column":29}},"1":{"start":{"line":2,"column":0},"end":{"line":2,"column":0}},"2":{"start":{"line":3,"column":0},"end":{"line":3,"column":52}},"3":{"start":{"line":4,"column":0},"end":{"line":4,"column":5}},"4":{"start":{"line":5,"column":0},"end":{"line":5,"column":17}},"5":{"start":{"line":6,"column":0},"end":{"line":6,"column":19}},"6":{"start":{"line":7,"column":0},"end":{"line":7,"column":18}},"7":{"start":{"line":8,"column":0},"end":{"line":8,"column":0}},"8":{"start":{"line":9,"column":0},"end":{"line":9,"column":65}},"9":{"start":{"line":10,"column":0},"end":{"line":10,"column":45}},"10":{"start":{"line":11,"column":0},"end":{"line":11,"column":48}},"11":{"start":{"line":12,"column":0},"end":{"line":12,"column":37}},"12":{"start":{"line":13,"column":0},"end":{"line":13,"column":0}},"13":{"start":{"line":14,"column":0},"end":{"line":14,"column":27}},"14":{"start":{"line":15,"column":0},"end":{"line":15,"column":2}},"15":{"start":{"line":16,"column":0},"end":{"line":16,"column":0}},"16":{"start":{"line":17,"column":0},"end":{"line":17,"column":59}},"17":{"start":{"line":18,"column":0},"end":{"line":18,"column":45}},"18":{"start":{"line":19,"column":0},"end":{"line":19,"column":53}},"19":{"start":{"line":20,"column":0},"end":{"line":20,"column":0}},"20":{"start":{"line":21,"column":0},"end":{"line":21,"column":28}},"21":{"start":{"line":22,"column":0},"end":{"line":22,"column":2}}},"s":{"0":1,"1":1,"2":1,"3":12,"4":12,"5":12,"6":1,"7":1,"8":1,"9":8,"10":8,"11":8,"12":8,"13":8,"14":8,"15":1,"16":1,"17":4,"18":4,"19":4,"20":4,"21":4},"branchMap":{"0":{"type":"branch","line":3,"loc":{"start":{"line":3,"column":27},"end":{"line":7,"column":17}},"locations":[{"start":{"line":3,"column":27},"end":{"line":7,"column":17}}]},"1":{"type":"branch","line":6,"loc":{"start":{"line":6,"column":11},"end":{"line":6,"column":18}},"locations":[{"start":{"line":6,"column":11},"end":{"line":6,"column":18}}]},"2":{"type":"branch","line":9,"loc":{"start":{"line":9,"column":29},"end":{"line":15,"column":2}},"locations":[{"start":{"line":9,"column":29},"end":{"line":15,"column":2}}]},"3":{"type":"branch","line":12,"loc":{"start":{"line":12,"column":19},"end":{"line":12,"column":36}},"locations":[{"start":{"line":12,"column":19},"end":{"line":12,"column":36}}]},"4":{"type":"branch","line":17,"loc":{"start":{"line":17,"column":28},"end":{"line":22,"column":2}},"locations":[{"start":{"line":17,"column":28},"end":{"line":22,"column":2}}]}},"b":{"0":[12],"1":[95],"2":[8],"3":[4],"4":[4]},"fnMap":{"0":{"name":"processName","decl":{"start":{"line":3,"column":27},"end":{"line":7,"column":17}},"loc":{"start":{"line":3,"column":27},"end":{"line":7,"column":17}},"line":3},"1":{"name":"urlToFilename","decl":{"start":{"line":9,"column":29},"end":{"line":15,"column":2}},"loc":{"start":{"line":9,"column":29},"end":{"line":15,"column":2}},"line":9},"2":{"name":"urlToDirname","decl":{"start":{"line":17,"column":28},"end":{"line":22,"column":2}},"loc":{"start":{"line":17,"column":28},"end":{"line":22,"column":2}},"line":17}},"f":{"0":12,"1":8,"2":4}}
}
