TN:
SF:src/index.js
FN:19,pageLoader
FN:31,prepareAsset
FN:102,task
FNF:3
FNH:3
FNDA:4,pageLoader
FNDA:4,prepareAsset
FNDA:4,task
DA:1,1
DA:2,1
DA:3,1
DA:4,1
DA:5,1
DA:6,1
DA:7,1
DA:8,1
DA:9,1
DA:10,1
DA:11,1
DA:12,1
DA:13,1
DA:14,1
DA:15,1
DA:16,1
DA:17,1
DA:18,1
DA:19,1
DA:20,4
DA:21,4
DA:22,4
DA:23,4
DA:24,4
DA:25,4
DA:26,4
DA:27,4
DA:28,4
DA:29,4
DA:30,4
DA:31,4
DA:32,4
DA:33,4
DA:34,4
DA:35,4
DA:36,4
DA:37,4
DA:38,4
DA:39,4
DA:40,4
DA:41,4
DA:42,4
DA:43,4
DA:44,4
DA:45,4
DA:46,4
DA:47,4
DA:48,4
DA:49,0
DA:50,0
DA:51,0
DA:52,4
DA:53,4
DA:54,4
DA:55,0
DA:56,0
DA:57,0
DA:58,0
DA:59,4
DA:60,4
DA:61,4
DA:62,4
DA:63,4
DA:64,4
DA:65,4
DA:66,4
DA:67,4
DA:68,2
DA:69,2
DA:70,2
DA:71,2
DA:72,2
DA:73,2
DA:74,2
DA:75,1
DA:76,1
DA:77,2
DA:78,4
DA:79,4
DA:80,1
DA:81,1
DA:82,1
DA:83,1
DA:84,1
DA:85,4
DA:86,4
DA:87,1
DA:88,1
DA:89,1
DA:90,1
DA:91,3
DA:92,3
DA:93,3
DA:94,3
DA:95,3
DA:96,6
DA:97,6
DA:98,6
DA:99,3
DA:100,3
DA:101,4
DA:102,4
DA:103,3
DA:104,1
DA:105,1
DA:106,1
DA:107,4
DA:108,4
DA:109,1
DA:110,1
DA:111,4
DA:112,4
DA:113,1
DA:114,1
LF:114
LH:107
BRDA:19,0,0,4
BRDA:31,1,0,4
BRDA:40,2,0,4
BRDA:45,3,0,4
BRDA:67,4,0,2
BRDA:72,5,0,1
BRDA:73,6,0,1
BRDA:74,7,0,1
BRDA:79,8,0,1
BRDA:80,9,0,1
BRDA:86,10,0,1
BRDA:90,11,0,3
BRDA:93,12,0,6
BRDA:94,13,0,6
BRDA:95,14,0,6
BRDA:100,15,0,4
BRDA:102,16,0,4
BRDA:108,17,0,1
BRF:18
BRH:18
end_of_record
TN:
SF:src/utils/index.js
FN:3,processName
FN:9,urlToFilename
FN:17,urlToDirname
FNF:3
FNH:3
FNDA:12,processName
FNDA:8,urlToFilename
FNDA:4,urlToDirname
DA:1,1
DA:2,1
DA:3,1
DA:4,12
DA:5,12
DA:6,12
DA:7,1
DA:8,1
DA:9,1
DA:10,8
DA:11,8
DA:12,8
DA:13,8
DA:14,8
DA:15,8
DA:16,1
DA:17,1
DA:18,4
DA:19,4
DA:20,4
DA:21,4
DA:22,4
LF:22
LH:22
BRDA:3,0,0,12
BRDA:6,1,0,95
BRDA:9,2,0,8
BRDA:12,3,0,4
BRDA:17,4,0,4
BRF:5
BRH:5
end_of_record
